#
# A fatal error has been detected by the Java Runtime Environment:
#
#  EXCEPTION_ACCESS_VIOLATION (0xc0000005) at pc=0x00007ff82f216587, pid=2176, tid=27136
#
# JRE version: Java(TM) SE Runtime Environment (21.0.1+12) (build 21.0.1+12-LTS-29)
# Java VM: Java HotSpot(TM) 64-Bit Server VM (21.0.1+12-LTS-29, mixed mode, sharing, tiered, compressed oops, compressed class ptrs, g1 gc, windows-amd64)
# Problematic frame:
# C  [glass.dll+0x26587]
#
# No core dump will be written. Minidumps are not enabled by default on client versions of Windows
#
# If you would like to submit a bug report, please visit:
#   https://bugreport.java.com/bugreport/crash.jsp
#

---------------  S U M M A R Y ------------

Command Line: -javaagent:C:\Users\bhuva\OneDrive\Desktop\Learnings\Intellij\IntelliJ IDEA Community Edition 2023.1.3\lib\idea_rt.jar=61240 -Dfile.encoding=UTF-8 -Dsun.stdout.encoding=UTF-8 -Dsun.stderr.encoding=UTF-8 --module-path=C:\Users\bhuva\.m2\repository\org\openjfx\javafx-fxml\21\javafx-fxml-21-win.jar;C:\Users\bhuva\.m2\repository\org\openjfx\javafx-base\21\javafx-base-21-win.jar;C:\Users\bhuva\.m2\repository\org\openjfx\javafx-controls\21\javafx-controls-21-win.jar;C:\Users\bhuva\.m2\repository\org\openjfx\javafx-media\17.0.2\javafx-media-17.0.2-win.jar;C:\Users\bhuva\OneDrive\Desktop\SENG 300\seng300-w25-project\target\classes;C:\Users\bhuva\.m2\repository\org\openjfx\javafx-graphics\21\javafx-graphics-21-win.jar -Djdk.module.main=org.example.gui org.example.gui/org.example.gui.HelloApplication

Host: AMD Ryzen 5 3500U with Radeon Vega Mobile Gfx  , 8 cores, 5G,  Windows 11 , 64 bit Build 26100 (10.0.26100.3323)
Time: Sun Mar  9 13:45:27 2025 Mountain Daylight Time elapsed time: 79.134888 seconds (0d 0h 1m 19s)

---------------  T H R E A D  ---------------

Current thread (0x000001b2662b1110):  VMThread "VM Thread"          [id=27136, stack(0x00000025c3700000,0x00000025c3800000) (1024K)]

Stack: [0x00000025c3700000,0x00000025c3800000],  sp=0x00000025c37feb80,  free space=1018k
Native frames: (J=compiled Java code, j=interpreted, Vv=VM code, C=native code)
C  [glass.dll+0x26587]


siginfo: EXCEPTION_ACCESS_VIOLATION (0xc0000005), reading address 0x0000000000000000


Registers:
RAX=0x0000000000000000, RBX=0x000001b2662c11da, RCX=0x000001b2662b1110, RDX=0x00000025c37feb80
RSP=0x00000025c37feb80, RBP=0x0000772809a1e76d, RSI=0x000001b26b839758, RDI=0x000001b26b839730
R8 =0x0000000000010002, R9 =0x0000772809a1e76d, R10=0x000001b248050324, R11=0x00000025c37fe820
R12=0x0000000000000001, R13=0x000000007ffe0385, R14=0x00000025c37fec88, R15=0x000001b26b839730
RIP=0x00007ff82f216587, EFLAGS=0x0000000000010206


Register to memory mapping:

RAX=0x0 is null
RBX=0x000001b2662c11da is a global jni handle
RCX=0x000001b2662b1110 points into unknown readable memory: 0x00007fffcf413f88 | 88 3f 41 cf ff 7f 00 00
RDX=0x00000025c37feb80 points into unknown readable memory: 0x0000000000000000 | 00 00 00 00 00 00 00 00
RSP=0x00000025c37feb80 points into unknown readable memory: 0x0000000000000000 | 00 00 00 00 00 00 00 00
RBP=0x0000772809a1e76d is an unknown value
RSI=0x000001b26b839758 points into unknown readable memory: 0x0000772809a1e76d | 6d e7 a1 09 28 77 00 00
RDI=0x000001b26b839730 points into unknown readable memory: 0x273d7728065ee289 | 89 e2 5e 06 28 77 3d 27
R8 =0x0000000000010002 is an unknown value
R9 =0x0000772809a1e76d is an unknown value
R10=0x000001b248050324 points into unknown readable memory: 42 0d 11 00
R11=0x00000025c37fe820 points into unknown readable memory: 0x000000007ffe0380 | 80 03 fe 7f 00 00 00 00
R12=0x0000000000000001 is an unknown value
R13=0x000000007ffe0385 points into unknown readable memory: 00 00 00
R14=0x00000025c37fec88 points into unknown readable memory: 0x00000025c37fec70 | 70 ec 7f c3 25 00 00 00
R15=0x000001b26b839730 points into unknown readable memory: 0x273d7728065ee289 | 89 e2 5e 06 28 77 3d 27

Top of Stack: (sp=0x00000025c37feb80)
0x00000025c37feb80:   0000000000000000 000001b200000000
0x00000025c37feb90:   000001b26b1f7500 0000000000000001
0x00000025c37feba0:   000001b26b839738 00007ff86a7cbc75
0x00000025c37febb0:   000001b26b839730 000001b200000000
0x00000025c37febc0:   000001b26b839750 0000772809a1e76d
0x00000025c37febd0:   fffffffffffffffe 00007ff839ad0000
0x00000025c37febe0:   00007ff82f1f0000 00007ff82f1f0000
0x00000025c37febf0:   00000025c37fec78 00007ff86a7cb897
0x00000025c37fec00:   00000025c37fec00 00000025c37fec88
0x00000025c37fec10:   00000025c37ff1b0 00007ff86a8b98c0
0x00000025c37fec20:   0000000000000001 00007ff86a7cb84d
0x00000025c37fec30:   0000000000000000 0000000000000001
0x00000025c37fec40:   00007ff86619cd80 00000025c37fec78
0x00000025c37fec50:   fffffffffffffffe 00000025c37fec40
0x00000025c37fec60:   0000000000000000 00007ff82f213d5d
0x00000025c37fec70:   00007ff82f22a008 0000000000000002
0x00000025c37fec80:   00007ff800000002 00000025c37fec70
0x00000025c37fec90:   0000000000000000 00007ff867950000
0x00000025c37feca0:   0000000000000000 00007ff82f213e82
0x00000025c37fecb0:   0000000000000001 000000007ffe0384
0x00000025c37fecc0:   0000000000000001 0000000000000000
0x00000025c37fecd0:   0000000000000001 00007ff869aa277e
0x00000025c37fece0:   0000000000000001 000000000000007a
0x00000025c37fecf0:   0000000000000000 0000000000000001
0x00000025c37fed00:   00007ff82f213ed0 00007ff86d2d2080
0x00000025c37fed10:   00007ff82f1f0000 00007ff800000000
0x00000025c37fed20:   0000000000000001 000000007ffe0384
0x00000025c37fed30:   000000000000008d 0000000000000000
0x00000025c37fed40:   0000000000000000 0000000000000000
0x00000025c37fed50:   00007ff82f1f0000 ffff056700000000
0x00000025c37fed60:   0000000000000078 0000000000000000
0x00000025c37fed70:   0000000000000000 000001b2662b1650 

Instructions: (pc=0x00007ff82f216587)
0x00007ff82f216487:   8b 4d 58 e8 8d cf ff ff 48 8b 4d 60 e8 84 cf ff
0x00007ff82f216497:   ff 48 8b 95 80 00 00 00 48 8b 8d 18 01 00 00 e8
0x00007ff82f2164a7:   76 c4 ff ff 33 d2 33 c9 e8 cc e1 ff ff 90 48 89
0x00007ff82f2164b7:   54 24 10 55 48 83 ec 20 48 8b ea 48 b8 00 00 00
0x00007ff82f2164c7:   00 00 00 00 00 48 83 c4 20 5d c3 cc 40 55 48 8b
0x00007ff82f2164d7:   ea 48 8b 01 33 c9 81 38 05 00 00 c0 0f 94 c1 8b
0x00007ff82f2164e7:   c1 5d c3 cc 40 55 48 83 ec 20 48 8b ea 8a 4d 40
0x00007ff82f2164f7:   48 83 c4 20 5d e9 73 d3 ff ff cc 40 55 48 83 ec
0x00007ff82f216507:   20 48 8b ea 8a 4d 20 e8 61 d3 ff ff 90 48 83 c4
0x00007ff82f216517:   20 5d c3 cc 40 55 48 83 ec 20 48 8b ea 48 83 c4
0x00007ff82f216527:   20 5d e9 c2 d1 ff ff cc 40 55 48 83 ec 30 48 8b
0x00007ff82f216537:   ea 48 8b 01 8b 10 48 89 4c 24 28 89 54 24 20 4c
0x00007ff82f216547:   8d 0d 63 d6 ff ff 4c 8b 45 70 8b 55 68 48 8b 4d
0x00007ff82f216557:   60 e8 03 d1 ff ff 90 48 83 c4 30 5d c3 cc cc cc
0x00007ff82f216567:   cc cc cc cc cc cc cc cc cc 40 53 48 83 ec 20 48
0x00007ff82f216577:   8b 1d 8b 34 01 00 48 85 db 74 16 e8 89 8f ff ff
0x00007ff82f216587:   4c 8b 00 48 8b d3 48 8b c8 41 ff 90 b0 00 00 00
0x00007ff82f216597:   90 48 83 c4 20 5b c3 cc cc 40 53 48 83 ec 20 48
0x00007ff82f2165a7:   8b 1d fb 35 01 00 48 85 db 74 57 b8 ff ff ff ff
0x00007ff82f2165b7:   f0 0f c1 43 10 83 f8 01 75 3d 48 85 db 74 38 48
0x00007ff82f2165c7:   8b 0b 48 85 c9 74 0d ff 15 d4 0c 00 00 48 c7 03
0x00007ff82f2165d7:   00 00 00 00 48 8b 4b 08 48 85 c9 74 0d e8 33 ce
0x00007ff82f2165e7:   ff ff 48 c7 43 08 00 00 00 00 ba 18 00 00 00 48
0x00007ff82f2165f7:   8b cb e8 1e ce ff ff 48 c7 05 9f 35 01 00 00 00
0x00007ff82f216607:   00 00 48 83 c4 20 5b c3 cc 40 53 48 83 ec 20 48
0x00007ff82f216617:   8b 1d 6b 35 01 00 48 85 db 74 57 b8 ff ff ff ff
0x00007ff82f216627:   f0 0f c1 43 10 83 f8 01 75 3d 48 85 db 74 38 48
0x00007ff82f216637:   8b 0b 48 85 c9 74 0d ff 15 64 0c 00 00 48 c7 03
0x00007ff82f216647:   00 00 00 00 48 8b 4b 08 48 85 c9 74 0d e8 c3 cd
0x00007ff82f216657:   ff ff 48 c7 43 08 00 00 00 00 ba 18 00 00 00 48
0x00007ff82f216667:   8b cb e8 ae cd ff ff 48 c7 05 0f 35 01 00 00 00
0x00007ff82f216677:   00 00 48 83 c4 20 5b c3 cc 40 53 48 83 ec 20 48 


Stack slot to memory mapping:

stack at sp + 0 slots: 0x0 is null
stack at sp + 1 slots: 0x000001b200000000 is pointing into metadata
stack at sp + 2 slots: 0x000001b26b1f7500 points into unknown readable memory: 0x000001b26b87b670 | 70 b6 87 6b b2 01 00 00
stack at sp + 3 slots: 0x0000000000000001 is an unknown value
stack at sp + 4 slots: 0x000001b26b839738 points into unknown readable memory: 0x0000772809a1e76d | 6d e7 a1 09 28 77 00 00
stack at sp + 5 slots: 0x00007ff86a7cbc75 ucrtbase.dll
stack at sp + 6 slots: 0x000001b26b839730 points into unknown readable memory: 0x273d7728065ee289 | 89 e2 5e 06 28 77 3d 27
stack at sp + 7 slots: 0x000001b200000000 is pointing into metadata

VM_Operation (0x00000025c5cff250): Exit, mode: safepoint, requested by thread 0x000001b26b848d50


---------------  P R O C E S S  ---------------

Threads class SMR info:
_java_thread_list=0x000001b26b53dbc0, length=19, elements={
0x000001b249bf7960, 0x000001b2662d0790, 0x000001b2662d53c0, 0x000001b2662d6a30,
0x000001b2662d7640, 0x000001b2662d80a0, 0x000001b2662d9e40, 0x000001b2662fafc0,
0x000001b26629d2b0, 0x000001b26b2e0c90, 0x000001b266651b10, 0x000001b26b1f6cc0,
0x000001b26b8883c0, 0x000001b26b8a81c0, 0x000001b26ba45940, 0x000001b26baa7db0,
0x000001b26bbe70d0, 0x000001b26b84a100, 0x000001b26b848d50
}

Java Threads: ( => current thread )
  0x000001b249bf7960 JavaThread "main"                              [_thread_blocked, id=18984, stack(0x00000025c3000000,0x00000025c3100000) (1024K)]
  0x000001b2662d0790 JavaThread "Reference Handler"          daemon [_thread_blocked, id=21512, stack(0x00000025c3800000,0x00000025c3900000) (1024K)]
  0x000001b2662d53c0 JavaThread "Finalizer"                  daemon [_thread_blocked, id=21044, stack(0x00000025c3900000,0x00000025c3a00000) (1024K)]
  0x000001b2662d6a30 JavaThread "Attach Listener"            daemon [_thread_blocked, id=584, stack(0x00000025c3b00000,0x00000025c3c00000) (1024K)]
  0x000001b2662d7640 JavaThread "Service Thread"             daemon [_thread_blocked, id=28944, stack(0x00000025c3c00000,0x00000025c3d00000) (1024K)]
  0x000001b2662d80a0 JavaThread "Monitor Deflation Thread"   daemon [_thread_blocked, id=11896, stack(0x00000025c3d00000,0x00000025c3e00000) (1024K)]
  0x000001b2662d9e40 JavaThread "C2 CompilerThread0"         daemon [_thread_blocked, id=24908, stack(0x00000025c3e00000,0x00000025c3f00000) (1024K)]
  0x000001b2662fafc0 JavaThread "C1 CompilerThread0"         daemon [_thread_blocked, id=28376, stack(0x00000025c3f00000,0x00000025c4000000) (1024K)]
  0x000001b26629d2b0 JavaThread "Common-Cleaner"             daemon [_thread_blocked, id=12064, stack(0x00000025c4000000,0x00000025c4100000) (1024K)]
  0x000001b26b2e0c90 JavaThread "Monitor Ctrl-Break"         daemon [_thread_in_native, id=6216, stack(0x00000025c4300000,0x00000025c4400000) (1024K)]
  0x000001b266651b10 JavaThread "Notification Thread"        daemon [_thread_blocked, id=25572, stack(0x00000025c4400000,0x00000025c4500000) (1024K)]
  0x000001b26b1f6cc0 JavaThread "QuantumRenderer-0"          daemon [_thread_blocked, id=22648, stack(0x00000025c4100000,0x00000025c4200000) (1024K)]
  0x000001b26b8883c0 JavaThread "InvokeLaterDispatcher"      daemon [_thread_blocked, id=16312, stack(0x00000025c4600000,0x00000025c4700000) (1024K)]
  0x000001b26b8a81c0 JavaThread "JavaFX Application Thread"         [_thread_in_native, id=14748, stack(0x00000025c4700000,0x00000025c4800000) (1024K)]
  0x000001b26ba45940 JavaThread "Thread-1"                   daemon [_thread_in_native, id=27944, stack(0x00000025c4e00000,0x00000025c4f00000) (1024K)]
  0x000001b26baa7db0 JavaThread "JavaFX-Launcher"                   [_thread_blocked, id=25248, stack(0x00000025c4f00000,0x00000025c5000000) (1024K)]
  0x000001b26bbe70d0 JavaThread "Prism Font Disposer"        daemon [_thread_blocked, id=23704, stack(0x00000025c5600000,0x00000025c5700000) (1024K)]
  0x000001b26b84a100 JavaThread "Cleaner-0"                  daemon [_thread_blocked, id=16328, stack(0x00000025c5a00000,0x00000025c5b00000) (1024K)]
  0x000001b26b848d50 JavaThread "SIGINT handler"             daemon [_thread_blocked, id=25624, stack(0x00000025c5c00000,0x00000025c5d00000) (1024K)]
Total: 19

Other Threads:
=>0x000001b2662b1110 VMThread "VM Thread"                           [id=27136, stack(0x00000025c3700000,0x00000025c3800000) (1024K)]
  0x000001b249c40720 WorkerThread "GC Thread#0"                     [id=4720, stack(0x00000025c3100000,0x00000025c3200000) (1024K)]
  0x000001b26baa7100 WorkerThread "GC Thread#1"                     [id=8432, stack(0x00000025c5000000,0x00000025c5100000) (1024K)]
  0x000001b26baa74a0 WorkerThread "GC Thread#2"                     [id=28844, stack(0x00000025c5100000,0x00000025c5200000) (1024K)]
  0x000001b26bb14960 WorkerThread "GC Thread#3"                     [id=11128, stack(0x00000025c5200000,0x00000025c5300000) (1024K)]
  0x000001b26bb15920 WorkerThread "GC Thread#4"                     [id=29200, stack(0x00000025c5300000,0x00000025c5400000) (1024K)]
  0x000001b26bb160d0 WorkerThread "GC Thread#5"                     [id=28404, stack(0x00000025c5400000,0x00000025c5500000) (1024K)]
  0x000001b26bc65ba0 WorkerThread "GC Thread#6"                     [id=27104, stack(0x00000025c5800000,0x00000025c5900000) (1024K)]
  0x000001b26bc65800 WorkerThread "GC Thread#7"                     [id=29484, stack(0x00000025c5900000,0x00000025c5a00000) (1024K)]
  0x000001b249c4d480 ConcurrentGCThread "G1 Main Marker"            terminated
  0x000001b249c4f5a0 WorkerThread "G1 Conc#0"                       [id=9936, stack(0x00000025c3300000,0x00000025c3400000) (1024K)]
  0x000001b249cbe940 ConcurrentGCThread "G1 Refine#0"               terminated
  0x000001b266172130 ConcurrentGCThread "G1 Service"                terminated
Total: 13

Threads with active compile tasks:
Total: 0

VM state: at safepoint (shutting down)

VM Mutex/Monitor currently owned by a thread:  ([mutex/lock_event])
[0x00007fffcf5da5f8] Threads_lock - owner thread: 0x000001b2662b1110
[0x00007fffcf5da6f8] Heap_lock - owner thread: 0x000001b26b848d50

Heap address: 0x00000000a1400000, size: 1516 MB, Compressed Oops mode: 32-bit

CDS archive(s) mapped at: [0x000001b200000000-0x000001b200c90000-0x000001b200c90000), size 13172736, SharedBaseAddress: 0x000001b200000000, ArchiveRelocationMode: 1.
Compressed class space mapped at: 0x000001b201000000-0x000001b241000000, reserved size: 1073741824
Narrow klass base: 0x000001b200000000, Narrow klass shift: 0, Narrow klass range: 0x100000000

GC Precious Log:
 CardTable entry size: 512
 Card Set container configuration: InlinePtr #cards 5 size 8 Array Of Cards #cards 12 size 40 Howl #buckets 4 coarsen threshold 1843 Howl Bitmap #cards 512 size 80 coarsen threshold 460 Card regions per heap region 1 cards per card region 2048
 CPUs: 8 total, 8 available
 Memory: 6060M
 Large Page Support: Disabled
 NUMA Support: Disabled
 Compressed Oops: Enabled (32-bit)
 Heap Region Size: 1M
 Heap Min Capacity: 8M
 Heap Initial Capacity: 96M
 Heap Max Capacity: 1516M
 Pre-touch: Disabled
 Parallel Workers: 8
 Concurrent Workers: 2
 Concurrent Refinement Workers: 8
 Periodic GC: Disabled

Heap:
 garbage-first heap   total 98304K, used 35656K [0x00000000a1400000, 0x0000000100000000)
  region size 1024K, 33 young (33792K), 5 survivors (5120K)
 Metaspace       used 16888K, committed 17216K, reserved 1114112K
  class space    used 2561K, committed 2688K, reserved 1048576K

Heap Regions: E=young(eden), S=young(survivor), O=old, HS=humongous(starts), HC=humongous(continues), CS=collection set, F=free, TAMS=top-at-mark-start, PB=parsable bottom
|   0|0x00000000a1400000, 0x00000000a14d22b0, 0x00000000a1500000| 82%| O|  |TAMS 0x00000000a1400000| PB 0x00000000a1400000| Untracked 
|   1|0x00000000a1500000, 0x00000000a1600000, 0x00000000a1600000|100%|HS|  |TAMS 0x00000000a1500000| PB 0x00000000a1500000| Complete 
|   2|0x00000000a1600000, 0x00000000a1700000, 0x00000000a1700000|100%|HC|  |TAMS 0x00000000a1600000| PB 0x00000000a1600000| Complete 
|   3|0x00000000a1700000, 0x00000000a1700000, 0x00000000a1800000|  0%| F|  |TAMS 0x00000000a1700000| PB 0x00000000a1700000| Untracked 
|   4|0x00000000a1800000, 0x00000000a1800000, 0x00000000a1900000|  0%| F|  |TAMS 0x00000000a1800000| PB 0x00000000a1800000| Untracked 
|   5|0x00000000a1900000, 0x00000000a1900000, 0x00000000a1a00000|  0%| F|  |TAMS 0x00000000a1900000| PB 0x00000000a1900000| Untracked 
|   6|0x00000000a1a00000, 0x00000000a1a00000, 0x00000000a1b00000|  0%| F|  |TAMS 0x00000000a1a00000| PB 0x00000000a1a00000| Untracked 
|   7|0x00000000a1b00000, 0x00000000a1b00000, 0x00000000a1c00000|  0%| F|  |TAMS 0x00000000a1b00000| PB 0x00000000a1b00000| Untracked 
|   8|0x00000000a1c00000, 0x00000000a1c00000, 0x00000000a1d00000|  0%| F|  |TAMS 0x00000000a1c00000| PB 0x00000000a1c00000| Untracked 
|   9|0x00000000a1d00000, 0x00000000a1d00000, 0x00000000a1e00000|  0%| F|  |TAMS 0x00000000a1d00000| PB 0x00000000a1d00000| Untracked 
|  10|0x00000000a1e00000, 0x00000000a1e00000, 0x00000000a1f00000|  0%| F|  |TAMS 0x00000000a1e00000| PB 0x00000000a1e00000| Untracked 
|  11|0x00000000a1f00000, 0x00000000a1f00000, 0x00000000a2000000|  0%| F|  |TAMS 0x00000000a1f00000| PB 0x00000000a1f00000| Untracked 
|  12|0x00000000a2000000, 0x00000000a2000000, 0x00000000a2100000|  0%| F|  |TAMS 0x00000000a2000000| PB 0x00000000a2000000| Untracked 
|  13|0x00000000a2100000, 0x00000000a2100000, 0x00000000a2200000|  0%| F|  |TAMS 0x00000000a2100000| PB 0x00000000a2100000| Untracked 
|  14|0x00000000a2200000, 0x00000000a2200000, 0x00000000a2300000|  0%| F|  |TAMS 0x00000000a2200000| PB 0x00000000a2200000| Untracked 
|  15|0x00000000a2300000, 0x00000000a2300000, 0x00000000a2400000|  0%| F|  |TAMS 0x00000000a2300000| PB 0x00000000a2300000| Untracked 
|  16|0x00000000a2400000, 0x00000000a2400000, 0x00000000a2500000|  0%| F|  |TAMS 0x00000000a2400000| PB 0x00000000a2400000| Untracked 
|  17|0x00000000a2500000, 0x00000000a2500000, 0x00000000a2600000|  0%| F|  |TAMS 0x00000000a2500000| PB 0x00000000a2500000| Untracked 
|  18|0x00000000a2600000, 0x00000000a2600000, 0x00000000a2700000|  0%| F|  |TAMS 0x00000000a2600000| PB 0x00000000a2600000| Untracked 
|  19|0x00000000a2700000, 0x00000000a2700000, 0x00000000a2800000|  0%| F|  |TAMS 0x00000000a2700000| PB 0x00000000a2700000| Untracked 
|  20|0x00000000a2800000, 0x00000000a2800000, 0x00000000a2900000|  0%| F|  |TAMS 0x00000000a2800000| PB 0x00000000a2800000| Untracked 
|  21|0x00000000a2900000, 0x00000000a2900000, 0x00000000a2a00000|  0%| F|  |TAMS 0x00000000a2900000| PB 0x00000000a2900000| Untracked 
|  22|0x00000000a2a00000, 0x00000000a2a00000, 0x00000000a2b00000|  0%| F|  |TAMS 0x00000000a2a00000| PB 0x00000000a2a00000| Untracked 
|  23|0x00000000a2b00000, 0x00000000a2b00000, 0x00000000a2c00000|  0%| F|  |TAMS 0x00000000a2b00000| PB 0x00000000a2b00000| Untracked 
|  24|0x00000000a2c00000, 0x00000000a2c00000, 0x00000000a2d00000|  0%| F|  |TAMS 0x00000000a2c00000| PB 0x00000000a2c00000| Untracked 
|  25|0x00000000a2d00000, 0x00000000a2d00000, 0x00000000a2e00000|  0%| F|  |TAMS 0x00000000a2d00000| PB 0x00000000a2d00000| Untracked 
|  26|0x00000000a2e00000, 0x00000000a2e00000, 0x00000000a2f00000|  0%| F|  |TAMS 0x00000000a2e00000| PB 0x00000000a2e00000| Untracked 
|  27|0x00000000a2f00000, 0x00000000a2f00000, 0x00000000a3000000|  0%| F|  |TAMS 0x00000000a2f00000| PB 0x00000000a2f00000| Untracked 
|  28|0x00000000a3000000, 0x00000000a3000000, 0x00000000a3100000|  0%| F|  |TAMS 0x00000000a3000000| PB 0x00000000a3000000| Untracked 
|  29|0x00000000a3100000, 0x00000000a3100000, 0x00000000a3200000|  0%| F|  |TAMS 0x00000000a3100000| PB 0x00000000a3100000| Untracked 
|  30|0x00000000a3200000, 0x00000000a3200000, 0x00000000a3300000|  0%| F|  |TAMS 0x00000000a3200000| PB 0x00000000a3200000| Untracked 
|  31|0x00000000a3300000, 0x00000000a3300000, 0x00000000a3400000|  0%| F|  |TAMS 0x00000000a3300000| PB 0x00000000a3300000| Untracked 
|  32|0x00000000a3400000, 0x00000000a3400000, 0x00000000a3500000|  0%| F|  |TAMS 0x00000000a3400000| PB 0x00000000a3400000| Untracked 
|  33|0x00000000a3500000, 0x00000000a3500000, 0x00000000a3600000|  0%| F|  |TAMS 0x00000000a3500000| PB 0x00000000a3500000| Untracked 
|  34|0x00000000a3600000, 0x00000000a3600000, 0x00000000a3700000|  0%| F|  |TAMS 0x00000000a3600000| PB 0x00000000a3600000| Untracked 
|  35|0x00000000a3700000, 0x00000000a3700000, 0x00000000a3800000|  0%| F|  |TAMS 0x00000000a3700000| PB 0x00000000a3700000| Untracked 
|  36|0x00000000a3800000, 0x00000000a3800000, 0x00000000a3900000|  0%| F|  |TAMS 0x00000000a3800000| PB 0x00000000a3800000| Untracked 
|  37|0x00000000a3900000, 0x00000000a3900000, 0x00000000a3a00000|  0%| F|  |TAMS 0x00000000a3900000| PB 0x00000000a3900000| Untracked 
|  38|0x00000000a3a00000, 0x00000000a3a00000, 0x00000000a3b00000|  0%| F|  |TAMS 0x00000000a3a00000| PB 0x00000000a3a00000| Untracked 
|  39|0x00000000a3b00000, 0x00000000a3b00000, 0x00000000a3c00000|  0%| F|  |TAMS 0x00000000a3b00000| PB 0x00000000a3b00000| Untracked 
|  40|0x00000000a3c00000, 0x00000000a3c00000, 0x00000000a3d00000|  0%| F|  |TAMS 0x00000000a3c00000| PB 0x00000000a3c00000| Untracked 
|  41|0x00000000a3d00000, 0x00000000a3d00000, 0x00000000a3e00000|  0%| F|  |TAMS 0x00000000a3d00000| PB 0x00000000a3d00000| Untracked 
|  42|0x00000000a3e00000, 0x00000000a3e00000, 0x00000000a3f00000|  0%| F|  |TAMS 0x00000000a3e00000| PB 0x00000000a3e00000| Untracked 
|  43|0x00000000a3f00000, 0x00000000a3f00000, 0x00000000a4000000|  0%| F|  |TAMS 0x00000000a3f00000| PB 0x00000000a3f00000| Untracked 
|  44|0x00000000a4000000, 0x00000000a4000000, 0x00000000a4100000|  0%| F|  |TAMS 0x00000000a4000000| PB 0x00000000a4000000| Untracked 
|  45|0x00000000a4100000, 0x00000000a4100000, 0x00000000a4200000|  0%| F|  |TAMS 0x00000000a4100000| PB 0x00000000a4100000| Untracked 
|  46|0x00000000a4200000, 0x00000000a4200000, 0x00000000a4300000|  0%| F|  |TAMS 0x00000000a4200000| PB 0x00000000a4200000| Untracked 
|  47|0x00000000a4300000, 0x00000000a4300000, 0x00000000a4400000|  0%| F|  |TAMS 0x00000000a4300000| PB 0x00000000a4300000| Untracked 
|  48|0x00000000a4400000, 0x00000000a4400000, 0x00000000a4500000|  0%| F|  |TAMS 0x00000000a4400000| PB 0x00000000a4400000| Untracked 
|  49|0x00000000a4500000, 0x00000000a4500000, 0x00000000a4600000|  0%| F|  |TAMS 0x00000000a4500000| PB 0x00000000a4500000| Untracked 
|  50|0x00000000a4600000, 0x00000000a4600000, 0x00000000a4700000|  0%| F|  |TAMS 0x00000000a4600000| PB 0x00000000a4600000| Untracked 
|  51|0x00000000a4700000, 0x00000000a4700000, 0x00000000a4800000|  0%| F|  |TAMS 0x00000000a4700000| PB 0x00000000a4700000| Untracked 
|  52|0x00000000a4800000, 0x00000000a4800000, 0x00000000a4900000|  0%| F|  |TAMS 0x00000000a4800000| PB 0x00000000a4800000| Untracked 
|  53|0x00000000a4900000, 0x00000000a4900000, 0x00000000a4a00000|  0%| F|  |TAMS 0x00000000a4900000| PB 0x00000000a4900000| Untracked 
|  54|0x00000000a4a00000, 0x00000000a4b00000, 0x00000000a4b00000|100%| S|CS|TAMS 0x00000000a4a00000| PB 0x00000000a4a00000| Complete 
|  55|0x00000000a4b00000, 0x00000000a4c00000, 0x00000000a4c00000|100%| S|CS|TAMS 0x00000000a4b00000| PB 0x00000000a4b00000| Complete 
|  56|0x00000000a4c00000, 0x00000000a4d00000, 0x00000000a4d00000|100%| S|CS|TAMS 0x00000000a4c00000| PB 0x00000000a4c00000| Complete 
|  57|0x00000000a4d00000, 0x00000000a4e00000, 0x00000000a4e00000|100%| S|CS|TAMS 0x00000000a4d00000| PB 0x00000000a4d00000| Complete 
|  58|0x00000000a4e00000, 0x00000000a4f00000, 0x00000000a4f00000|100%| S|CS|TAMS 0x00000000a4e00000| PB 0x00000000a4e00000| Complete 
|  59|0x00000000a4f00000, 0x00000000a4f00000, 0x00000000a5000000|  0%| F|  |TAMS 0x00000000a4f00000| PB 0x00000000a4f00000| Untracked 
|  60|0x00000000a5000000, 0x00000000a5000000, 0x00000000a5100000|  0%| F|  |TAMS 0x00000000a5000000| PB 0x00000000a5000000| Untracked 
|  61|0x00000000a5100000, 0x00000000a5100000, 0x00000000a5200000|  0%| F|  |TAMS 0x00000000a5100000| PB 0x00000000a5100000| Untracked 
|  62|0x00000000a5200000, 0x00000000a5200000, 0x00000000a5300000|  0%| F|  |TAMS 0x00000000a5200000| PB 0x00000000a5200000| Untracked 
|  63|0x00000000a5300000, 0x00000000a5300000, 0x00000000a5400000|  0%| F|  |TAMS 0x00000000a5300000| PB 0x00000000a5300000| Untracked 
|  64|0x00000000a5400000, 0x00000000a5400000, 0x00000000a5500000|  0%| F|  |TAMS 0x00000000a5400000| PB 0x00000000a5400000| Untracked 
|  65|0x00000000a5500000, 0x00000000a5500000, 0x00000000a5600000|  0%| F|  |TAMS 0x00000000a5500000| PB 0x00000000a5500000| Untracked 
|  66|0x00000000a5600000, 0x00000000a5600000, 0x00000000a5700000|  0%| F|  |TAMS 0x00000000a5600000| PB 0x00000000a5600000| Untracked 
|  67|0x00000000a5700000, 0x00000000a5700000, 0x00000000a5800000|  0%| F|  |TAMS 0x00000000a5700000| PB 0x00000000a5700000| Untracked 
|  68|0x00000000a5800000, 0x00000000a5885a50, 0x00000000a5900000| 52%| E|  |TAMS 0x00000000a5800000| PB 0x00000000a5800000| Complete 
|  69|0x00000000a5900000, 0x00000000a5a00000, 0x00000000a5a00000|100%| E|CS|TAMS 0x00000000a5900000| PB 0x00000000a5900000| Complete 
|  70|0x00000000a5a00000, 0x00000000a5b00000, 0x00000000a5b00000|100%| E|CS|TAMS 0x00000000a5a00000| PB 0x00000000a5a00000| Complete 
|  71|0x00000000a5b00000, 0x00000000a5c00000, 0x00000000a5c00000|100%| E|CS|TAMS 0x00000000a5b00000| PB 0x00000000a5b00000| Complete 
|  72|0x00000000a5c00000, 0x00000000a5d00000, 0x00000000a5d00000|100%| E|CS|TAMS 0x00000000a5c00000| PB 0x00000000a5c00000| Complete 
|  73|0x00000000a5d00000, 0x00000000a5e00000, 0x00000000a5e00000|100%| E|CS|TAMS 0x00000000a5d00000| PB 0x00000000a5d00000| Complete 
|  74|0x00000000a5e00000, 0x00000000a5f00000, 0x00000000a5f00000|100%| E|CS|TAMS 0x00000000a5e00000| PB 0x00000000a5e00000| Complete 
|  75|0x00000000a5f00000, 0x00000000a6000000, 0x00000000a6000000|100%| E|CS|TAMS 0x00000000a5f00000| PB 0x00000000a5f00000| Complete 
|  76|0x00000000a6000000, 0x00000000a6100000, 0x00000000a6100000|100%| E|CS|TAMS 0x00000000a6000000| PB 0x00000000a6000000| Complete 
|  77|0x00000000a6100000, 0x00000000a6200000, 0x00000000a6200000|100%| E|CS|TAMS 0x00000000a6100000| PB 0x00000000a6100000| Complete 
|  78|0x00000000a6200000, 0x00000000a6300000, 0x00000000a6300000|100%| E|CS|TAMS 0x00000000a6200000| PB 0x00000000a6200000| Complete 
|  79|0x00000000a6300000, 0x00000000a6400000, 0x00000000a6400000|100%| E|CS|TAMS 0x00000000a6300000| PB 0x00000000a6300000| Complete 
|  80|0x00000000a6400000, 0x00000000a6500000, 0x00000000a6500000|100%| E|CS|TAMS 0x00000000a6400000| PB 0x00000000a6400000| Complete 
|  81|0x00000000a6500000, 0x00000000a6600000, 0x00000000a6600000|100%| E|CS|TAMS 0x00000000a6500000| PB 0x00000000a6500000| Complete 
|  82|0x00000000a6600000, 0x00000000a6700000, 0x00000000a6700000|100%| E|CS|TAMS 0x00000000a6600000| PB 0x00000000a6600000| Complete 
|  83|0x00000000a6700000, 0x00000000a6800000, 0x00000000a6800000|100%| E|CS|TAMS 0x00000000a6700000| PB 0x00000000a6700000| Complete 
|  84|0x00000000a6800000, 0x00000000a6900000, 0x00000000a6900000|100%| E|CS|TAMS 0x00000000a6800000| PB 0x00000000a6800000| Complete 
|  85|0x00000000a6900000, 0x00000000a6a00000, 0x00000000a6a00000|100%| E|CS|TAMS 0x00000000a6900000| PB 0x00000000a6900000| Complete 
|  86|0x00000000a6a00000, 0x00000000a6b00000, 0x00000000a6b00000|100%| E|CS|TAMS 0x00000000a6a00000| PB 0x00000000a6a00000| Complete 
|  87|0x00000000a6b00000, 0x00000000a6c00000, 0x00000000a6c00000|100%| E|CS|TAMS 0x00000000a6b00000| PB 0x00000000a6b00000| Complete 
|  88|0x00000000a6c00000, 0x00000000a6d00000, 0x00000000a6d00000|100%| E|CS|TAMS 0x00000000a6c00000| PB 0x00000000a6c00000| Complete 
|  89|0x00000000a6d00000, 0x00000000a6e00000, 0x00000000a6e00000|100%| E|CS|TAMS 0x00000000a6d00000| PB 0x00000000a6d00000| Complete 
|  90|0x00000000a6e00000, 0x00000000a6f00000, 0x00000000a6f00000|100%| E|CS|TAMS 0x00000000a6e00000| PB 0x00000000a6e00000| Complete 
|  91|0x00000000a6f00000, 0x00000000a7000000, 0x00000000a7000000|100%| E|CS|TAMS 0x00000000a6f00000| PB 0x00000000a6f00000| Complete 
|  92|0x00000000a7000000, 0x00000000a7100000, 0x00000000a7100000|100%| E|CS|TAMS 0x00000000a7000000| PB 0x00000000a7000000| Complete 
|  93|0x00000000a7100000, 0x00000000a7200000, 0x00000000a7200000|100%| E|CS|TAMS 0x00000000a7100000| PB 0x00000000a7100000| Complete 
|  94|0x00000000a7200000, 0x00000000a7300000, 0x00000000a7300000|100%| E|CS|TAMS 0x00000000a7200000| PB 0x00000000a7200000| Complete 
|  95|0x00000000a7300000, 0x00000000a7400000, 0x00000000a7400000|100%| E|CS|TAMS 0x00000000a7300000| PB 0x00000000a7300000| Complete 

Card table byte_map: [0x000001b261df0000,0x000001b2620f0000] _byte_map_base: 0x000001b2618e6000

Marking Bits: (CMBitMap*) 0x000001b249c40e20
 Bits: [0x000001b2620f0000, 0x000001b2638a0000)

Polling page: 0x000001b248320000

Metaspace:

Usage:
  Non-class:     13.99 MB used.
      Class:      2.50 MB used.
       Both:     16.49 MB used.

Virtual space:
  Non-class space:       64.00 MB reserved,      14.19 MB ( 22%) committed,  1 nodes.
      Class space:        1.00 GB reserved,       2.62 MB ( <1%) committed,  1 nodes.
             Both:        1.06 GB reserved,      16.81 MB (  2%) committed. 

Chunk freelists:
   Non-Class:  1.30 MB
       Class:  13.36 MB
        Both:  14.66 MB

MaxMetaspaceSize: unlimited
CompressedClassSpaceSize: 1.00 GB
Initial GC threshold: 21.00 MB
Current GC threshold: 21.00 MB
CDS: on
 - commit_granule_bytes: 65536.
 - commit_granule_words: 8192.
 - virtual_space_node_default_size: 8388608.
 - enlarge_chunks_in_place: 1.
 - use_allocation_guard: 0.


Internal statistics:

num_allocs_failed_limit: 0.
num_arena_births: 244.
num_arena_deaths: 0.
num_vsnodes_births: 2.
num_vsnodes_deaths: 0.
num_space_committed: 269.
num_space_uncommitted: 0.
num_chunks_returned_to_freelist: 0.
num_chunks_taken_from_freelist: 809.
num_chunk_merges: 0.
num_chunk_splits: 577.
num_chunks_enlarged: 455.
num_inconsistent_stats: 0.

CodeHeap 'non-profiled nmethods': size=120000Kb used=1625Kb max_used=1625Kb free=118374Kb
 bounds [0x000001b259b60000, 0x000001b259dd0000, 0x000001b261090000]
CodeHeap 'profiled nmethods': size=120000Kb used=7032Kb max_used=7032Kb free=112967Kb
 bounds [0x000001b252090000, 0x000001b252770000, 0x000001b2595c0000]
CodeHeap 'non-nmethods': size=5760Kb used=1799Kb max_used=1858Kb free=3960Kb
 bounds [0x000001b2595c0000, 0x000001b259830000, 0x000001b259b60000]
 total_blobs=4260 nmethods=3450 adapters=713
 compilation: enabled
              stopped_count=0, restarted_count=0
 full_count=0

Compilation events (20 events):
Event: 53.867 Thread 0x000001b2662fafc0 3444       3       com.sun.glass.ui.Window$UndecoratedMoveResizeHelper::handleMouseEvent (157 bytes)
Event: 53.869 Thread 0x000001b2662fafc0 nmethod 3444 0x000001b252768890 code [0x000001b252768ae0, 0x000001b2527693a8]
Event: 53.869 Thread 0x000001b2662fafc0 3445       3       com.sun.glass.ui.View::handleMouseEvent (34 bytes)
Event: 53.869 Thread 0x000001b2662fafc0 nmethod 3445 0x000001b252769610 code [0x000001b2527697c0, 0x000001b252769a60]
Event: 53.869 Thread 0x000001b2662fafc0 3446       3       com.sun.javafx.tk.quantum.GlassViewEventHandler::handleMouseEvent (108 bytes)
Event: 53.870 Thread 0x000001b2662fafc0 nmethod 3446 0x000001b252769b90 code [0x000001b252769da0, 0x000001b25276a418]
Event: 53.870 Thread 0x000001b2662fafc0 3447       3       com.sun.javafx.tk.quantum.GlassViewEventHandler$$Lambda/0x000001b201213578::get (8 bytes)
Event: 53.871 Thread 0x000001b2662fafc0 nmethod 3447 0x000001b25276a690 code [0x000001b25276a8c0, 0x000001b25276aef8]
Event: 53.871 Thread 0x000001b2662fafc0 3448       3       com.sun.javafx.tk.quantum.GlassViewEventHandler::lambda$handleMouseEvent$2 (18 bytes)
Event: 53.872 Thread 0x000001b2662fafc0 nmethod 3448 0x000001b25276b210 code [0x000001b25276b440, 0x000001b25276ba08]
Event: 53.872 Thread 0x000001b2662fafc0 3449       3       com.sun.javafx.tk.quantum.GlassViewEventHandler$MouseEventNotification::run (5 bytes)
Event: 53.872 Thread 0x000001b2662fafc0 nmethod 3449 0x000001b25276bd10 code [0x000001b25276bec0, 0x000001b25276c018]
Event: 55.667 Thread 0x000001b2662fafc0 3450       3       com.sun.javafx.scene.input.PickResultChooser::processOffer (146 bytes)
Event: 55.669 Thread 0x000001b2662fafc0 nmethod 3450 0x000001b25276c110 code [0x000001b25276c360, 0x000001b25276d050]
Event: 60.624 Thread 0x000001b2662d9e40 3451       4       javafx.scene.Node::getLocalBounds (162 bytes)
Event: 60.647 Thread 0x000001b2662d9e40 nmethod 3451 0x000001b259cf5210 code [0x000001b259cf54c0, 0x000001b259cf5d98]
Event: 61.254 Thread 0x000001b2662fafc0 3452       1       javafx.scene.input.KeyCode::getCode (5 bytes)
Event: 61.255 Thread 0x000001b2662fafc0 nmethod 3452 0x000001b259cf6410 code [0x000001b259cf65a0, 0x000001b259cf6668]
Event: 64.961 Thread 0x000001b2662fafc0 3453       3       java.util.concurrent.locks.AbstractQueuedSynchronizer$ConditionObject::enableWait (84 bytes)
Event: 64.962 Thread 0x000001b2662fafc0 nmethod 3453 0x000001b25276d490 code [0x000001b25276d6c0, 0x000001b25276de30]

GC Heap History (4 events):
Event: 2.564 GC heap before
{Heap before GC invocations=0 (full 0):
 garbage-first heap   total 98304K, used 22528K [0x00000000a1400000, 0x0000000100000000)
  region size 1024K, 23 young (23552K), 0 survivors (0K)
 Metaspace       used 5037K, committed 5312K, reserved 1114112K
  class space    used 577K, committed 704K, reserved 1048576K
}
Event: 2.569 GC heap after
{Heap after GC invocations=1 (full 0):
 garbage-first heap   total 98304K, used 2858K [0x00000000a1400000, 0x0000000100000000)
  region size 1024K, 3 young (3072K), 3 survivors (3072K)
 Metaspace       used 5037K, committed 5312K, reserved 1114112K
  class space    used 577K, committed 704K, reserved 1048576K
}
Event: 4.267 GC heap before
{Heap before GC invocations=1 (full 0):
 garbage-first heap   total 98304K, used 36650K [0x00000000a1400000, 0x0000000100000000)
  region size 1024K, 37 young (37888K), 3 survivors (3072K)
 Metaspace       used 12052K, committed 12288K, reserved 1114112K
  class space    used 1832K, committed 1984K, reserved 1048576K
}
Event: 4.277 GC heap after
{Heap after GC invocations=2 (full 0):
 garbage-first heap   total 98304K, used 5960K [0x00000000a1400000, 0x0000000100000000)
  region size 1024K, 5 young (5120K), 5 survivors (5120K)
 Metaspace       used 12052K, committed 12288K, reserved 1114112K
  class space    used 1832K, committed 1984K, reserved 1048576K
}

Dll operation events (20 events):
Event: 1.434 Loaded shared library C:\Users\bhuva\.openjfx\cache\21+31\amd64\api-ms-win-crt-locale-l1-1-0.dll
Event: 1.448 Loaded shared library C:\Users\bhuva\.openjfx\cache\21+31\amd64\api-ms-win-crt-math-l1-1-0.dll
Event: 1.457 Loaded shared library C:\Users\bhuva\.openjfx\cache\21+31\amd64\api-ms-win-crt-multibyte-l1-1-0.dll
Event: 1.470 Loaded shared library C:\Users\bhuva\.openjfx\cache\21+31\amd64\api-ms-win-crt-private-l1-1-0.dll
Event: 1.486 Loaded shared library C:\Users\bhuva\.openjfx\cache\21+31\amd64\api-ms-win-crt-process-l1-1-0.dll
Event: 1.505 Loaded shared library C:\Users\bhuva\.openjfx\cache\21+31\amd64\api-ms-win-crt-runtime-l1-1-0.dll
Event: 1.521 Loaded shared library C:\Users\bhuva\.openjfx\cache\21+31\amd64\api-ms-win-crt-stdio-l1-1-0.dll
Event: 1.541 Loaded shared library C:\Users\bhuva\.openjfx\cache\21+31\amd64\api-ms-win-crt-string-l1-1-0.dll
Event: 1.557 Loaded shared library C:\Users\bhuva\.openjfx\cache\21+31\amd64\api-ms-win-crt-time-l1-1-0.dll
Event: 1.572 Loaded shared library C:\Users\bhuva\.openjfx\cache\21+31\amd64\api-ms-win-crt-utility-l1-1-0.dll
Event: 1.603 Loaded shared library C:\Users\bhuva\.openjfx\cache\21+31\amd64\ucrtbase.dll
Event: 1.615 Loaded shared library C:\Users\bhuva\.openjfx\cache\21+31\amd64\vcruntime140.dll
Event: 1.632 Loaded shared library C:\Users\bhuva\.openjfx\cache\21+31\amd64\vcruntime140_1.dll
Event: 1.664 Loaded shared library C:\Users\bhuva\.openjfx\cache\21+31\amd64\msvcp140.dll
Event: 1.673 Loaded shared library C:\Users\bhuva\.openjfx\cache\21+31\amd64\msvcp140_1.dll
Event: 1.687 Loaded shared library C:\Users\bhuva\.openjfx\cache\21+31\amd64\msvcp140_2.dll
Event: 1.835 Loaded shared library C:\Users\bhuva\.openjfx\cache\21+31\amd64\prism_d3d.dll
Event: 2.077 Loaded shared library C:\Users\bhuva\.openjfx\cache\21+31\amd64\glass.dll
Event: 2.838 Loaded shared library C:\Users\bhuva\.openjfx\cache\21+31\amd64\javafx_font.dll
Event: 3.228 Loaded shared library C:\Program Files\Java\jdk-21\bin\jimage.dll

Deoptimization events (20 events):
Event: 35.938 Thread 0x000001b26b1f6cc0 Uncommon trap: trap_request=0xffffff45 fr.pc=0x000001b259c89a28 relative=0x0000000000000088
Event: 35.938 Thread 0x000001b26b1f6cc0 Uncommon trap: reason=unstable_if action=reinterpret pc=0x000001b259c89a28 method=java.lang.Math.round(F)I @ 23 c2
Event: 35.938 Thread 0x000001b26b1f6cc0 DEOPT PACKING pc=0x000001b259c89a28 sp=0x00000025c41fd2d0
Event: 35.938 Thread 0x000001b26b1f6cc0 DEOPT UNPACKING pc=0x000001b2596146a2 sp=0x00000025c41fd248 mode 2
Event: 37.957 Thread 0x000001b26b8a81c0 Uncommon trap: trap_request=0xffffff45 fr.pc=0x000001b259c6f5a8 relative=0x0000000000001688
Event: 37.957 Thread 0x000001b26b8a81c0 Uncommon trap: reason=unstable_if action=reinterpret pc=0x000001b259c6f5a8 method=javafx.scene.CssStyleHelper.lookup(Ljavafx/css/Styleable;Ljavafx/css/CssMetaData;Lcom/sun/javafx/css/StyleMap;Ljava/util/Set;Ljavafx/css/Styleable;Lcom/sun/javafx/css/Calcul
Event: 37.957 Thread 0x000001b26b8a81c0 DEOPT PACKING pc=0x000001b259c6f5a8 sp=0x00000025c47fb650
Event: 37.957 Thread 0x000001b26b8a81c0 DEOPT UNPACKING pc=0x000001b2596146a2 sp=0x00000025c47fb5e0 mode 2
Event: 37.970 Thread 0x000001b26b1f6cc0 DEOPT PACKING pc=0x000001b2525dcfde sp=0x00000025c41fcb00
Event: 37.970 Thread 0x000001b26b1f6cc0 DEOPT UNPACKING pc=0x000001b259614e42 sp=0x00000025c41fbfc0 mode 0
Event: 38.336 Thread 0x000001b26b1f6cc0 DEOPT PACKING pc=0x000001b2525d87ac sp=0x00000025c41fced0
Event: 38.336 Thread 0x000001b26b1f6cc0 DEOPT UNPACKING pc=0x000001b259614e42 sp=0x00000025c41fc320 mode 0
Event: 38.340 Thread 0x000001b26b1f6cc0 DEOPT PACKING pc=0x000001b2525d87ac sp=0x00000025c41fd060
Event: 38.340 Thread 0x000001b26b1f6cc0 DEOPT UNPACKING pc=0x000001b259614e42 sp=0x00000025c41fc4b0 mode 0
Event: 38.376 Thread 0x000001b26b1f6cc0 DEOPT PACKING pc=0x000001b2525d87ac sp=0x00000025c41fd060
Event: 38.376 Thread 0x000001b26b1f6cc0 DEOPT UNPACKING pc=0x000001b259614e42 sp=0x00000025c41fc4b0 mode 0
Event: 38.397 Thread 0x000001b26b1f6cc0 Uncommon trap: trap_request=0xffffff45 fr.pc=0x000001b259cd0538 relative=0x00000000000006f8
Event: 38.397 Thread 0x000001b26b1f6cc0 Uncommon trap: reason=unstable_if action=reinterpret pc=0x000001b259cd0538 method=com.sun.javafx.geom.transform.AffineBase.doTransform([FI[FIII)V @ 39 c2
Event: 38.397 Thread 0x000001b26b1f6cc0 DEOPT PACKING pc=0x000001b259cd0538 sp=0x00000025c41fd3e0
Event: 38.397 Thread 0x000001b26b1f6cc0 DEOPT UNPACKING pc=0x000001b2596146a2 sp=0x00000025c41fd318 mode 2

Classes loaded (20 events):
Event: 4.972 Loading class sun/misc/Unsafe
Event: 4.972 Loading class sun/misc/Unsafe done
Event: 4.974 Loading class java/lang/invoke/DirectMethodHandle$StaticAccessor
Event: 4.974 Loading class java/lang/invoke/DirectMethodHandle$StaticAccessor done
Event: 5.103 Loading class java/lang/FdLibm$Atan2
Event: 5.104 Loading class java/lang/FdLibm$Atan2 done
Event: 5.104 Loading class java/lang/FdLibm
Event: 5.104 Loading class java/lang/FdLibm done
Event: 29.359 Loading class java/io/UnsupportedEncodingException
Event: 29.359 Loading class java/io/UnsupportedEncodingException done
Event: 29.844 Loading class java/lang/FdLibm$Hypot
Event: 29.845 Loading class java/lang/FdLibm$Hypot done
Event: 33.974 Loading class jdk/internal/foreign/MemorySessionImpl
Event: 33.976 Loading class java/lang/foreign/MemorySegment$Scope
Event: 33.976 Loading class java/lang/foreign/MemorySegment$Scope done
Event: 33.976 Loading class jdk/internal/foreign/MemorySessionImpl done
Event: 78.716 Loading class jdk/internal/misc/Signal$1
Event: 78.717 Loading class jdk/internal/misc/Signal$1 done
Event: 78.725 Loading class java/util/LinkedList$ListItr
Event: 78.726 Loading class java/util/LinkedList$ListItr done

Classes unloaded (0 events):
No events

Classes redefined (0 events):
No events

Internal exceptions (20 events):
Event: 3.376 Thread 0x000001b26b8a81c0 Implicit null exception at 0x000001b259b800e6 to 0x000001b259b8018a
Event: 3.396 Thread 0x000001b26b8a81c0 Implicit null exception at 0x000001b259bbf83a to 0x000001b259bbfa80
Event: 3.396 Thread 0x000001b26b8a81c0 Implicit null exception at 0x000001b259bbcc3a to 0x000001b259bbce70
Event: 3.612 Thread 0x000001b26b8a81c0 Exception <a 'java/lang/NoSuchMethodError'{0x00000000a59dc0b8}: 'java.lang.Object java.lang.invoke.DirectMethodHandle$Holder.newInvokeSpecial(java.lang.Object, java.lang.Object, int)'> (0x00000000a59dc0b8) 
thrown [s\open\src\hotspot\share\interpreter\linkResolver.cpp, line 773]
Event: 3.984 Thread 0x000001b26b8a81c0 Exception <a 'java/lang/IncompatibleClassChangeError'{0x00000000a5301990}: Found class java.lang.Object, but interface was expected> (0x00000000a5301990) 
thrown [s\open\src\hotspot\share\interpreter\linkResolver.cpp, line 840]
Event: 4.174 Thread 0x000001b26b8a81c0 Exception <a 'java/lang/NoSuchMethodError'{0x00000000a51b9230}: 'void java.lang.invoke.DirectMethodHandle$Holder.invokeSpecial(java.lang.Object, java.lang.Object, java.lang.Object, java.lang.Object, java.lang.Object, java.lang.Object)'> (0x00000000a51b9230) 
thrown [s\open\src\hotspot\share\interpreter\linkResolver.cpp, line 773]
Event: 4.210 Thread 0x000001b26b8a81c0 Exception <a 'java/lang/ClassNotFoundException'{0x00000000a509b880}: com/sun/javafx/scene/control/skin/resources/controls> (0x00000000a509b880) 
thrown [s\open\src\hotspot\share\prims\jni.cpp, line 539]
Event: 4.212 Thread 0x000001b26b8a81c0 Exception <a 'java/lang/ClassNotFoundException'{0x00000000a50a9a90}: com/sun/javafx/scene/control/skin/resources/controls_en> (0x00000000a50a9a90) 
thrown [s\open\src\hotspot\share\prims\jni.cpp, line 539]
Event: 4.212 Thread 0x000001b26b8a81c0 Exception <a 'java/lang/ClassNotFoundException'{0x00000000a50aad30}: com/sun/javafx/scene/control/skin/resources/controls_en_IN> (0x00000000a50aad30) 
thrown [s\open\src\hotspot\share\prims\jni.cpp, line 539]
Event: 4.304 Thread 0x000001b26b8a81c0 Exception <a 'java/lang/NoSuchMethodError'{0x00000000a7216c00}: 'int java.lang.invoke.DirectMethodHandle$Holder.invokeSpecial(java.lang.Object, java.lang.Object, int)'> (0x00000000a7216c00) 
thrown [s\open\src\hotspot\share\interpreter\linkResolver.cpp, line 773]
Event: 4.417 Thread 0x000001b26b8a81c0 Exception <a 'java/lang/NoSuchMethodError'{0x00000000a71e2a28}: 'int java.lang.invoke.DirectMethodHandle$Holder.invokeSpecial(java.lang.Object, java.lang.Object, java.lang.Object, int)'> (0x00000000a71e2a28) 
thrown [s\open\src\hotspot\share\interpreter\linkResolver.cpp, line 773]
Event: 4.419 Thread 0x000001b26b8a81c0 Exception <a 'java/lang/NoSuchMethodError'{0x00000000a71f50a8}: 'java.lang.Object java.lang.invoke.DirectMethodHandle$Holder.invokeStatic(java.lang.Object, java.lang.Object, java.lang.Object, java.lang.Object, int)'> (0x00000000a71f50a8) 
thrown [s\open\src\hotspot\share\interpreter\linkResolver.cpp, line 773]
Event: 4.421 Thread 0x000001b26b8a81c0 Exception <a 'java/lang/NoSuchMethodError'{0x00000000a71fd3d0}: 'int java.lang.invoke.DirectMethodHandle$Holder.invokeSpecial(java.lang.Object, java.lang.Object, java.lang.Object)'> (0x00000000a71fd3d0) 
thrown [s\open\src\hotspot\share\interpreter\linkResolver.cpp, line 773]
Event: 4.852 Thread 0x000001b26b1f6cc0 Exception <a 'java/lang/NoSuchMethodError'{0x00000000a6da00a8}: 'int java.lang.invoke.DirectMethodHandle$Holder.invokeStaticInit(java.lang.Object, java.lang.Object)'> (0x00000000a6da00a8) 
thrown [s\open\src\hotspot\share\interpreter\linkResolver.cpp, line 773]
Event: 29.416 Thread 0x000001b26b8a81c0 Exception <a 'java/lang/NoSuchMethodError'{0x00000000a67838f8}: 'long java.lang.invoke.DirectMethodHandle$Holder.invokeStatic(java.lang.Object, java.lang.Object, java.lang.Object)'> (0x00000000a67838f8) 
thrown [s\open\src\hotspot\share\interpreter\linkResolver.cpp, line 773]
Event: 29.418 Thread 0x000001b26b8a81c0 Exception <a 'java/lang/NoSuchMethodError'{0x00000000a6786cc8}: 'long java.lang.invoke.DirectMethodHandle$Holder.invokeStaticInit(java.lang.Object, java.lang.Object, java.lang.Object)'> (0x00000000a6786cc8) 
thrown [s\open\src\hotspot\share\interpreter\linkResolver.cpp, line 773]
Event: 29.425 Thread 0x000001b26b8a81c0 Exception <a 'java/lang/NoSuchMethodError'{0x00000000a679b3b8}: 'java.lang.Object java.lang.invoke.DirectMethodHandle$Holder.newInvokeSpecial(java.lang.Object, java.lang.Object, long)'> (0x00000000a679b3b8) 
thrown [s\open\src\hotspot\share\interpreter\linkResolver.cpp, line 773]
Event: 29.426 Thread 0x000001b26b8a81c0 Exception <a 'java/lang/NoSuchMethodError'{0x00000000a679ecb0}: 'java.lang.Object java.lang.invoke.Invokers$Holder.linkToTargetMethod(java.lang.Object, long, java.lang.Object)'> (0x00000000a679ecb0) 
thrown [s\open\src\hotspot\share\interpreter\linkResolver.cpp, line 773]
Event: 29.595 Thread 0x000001b26b8a81c0 Implicit null exception at 0x000001b259c528fe to 0x000001b259c529dc
Event: 30.026 Thread 0x000001b26b1f6cc0 Exception <a 'java/lang/NoSuchMethodError'{0x00000000a5ff6a20}: 'java.lang.Object java.lang.invoke.DirectMethodHandle$Holder.invokeStaticInit(java.lang.Object, int)'> (0x00000000a5ff6a20) 
thrown [s\open\src\hotspot\share\interpreter\linkResolver.cpp, line 773]

ZGC Phase Switch (0 events):
No events

VM Operations (20 events):
Event: 34.000 Executing VM operation: Cleanup done
Event: 35.001 Executing VM operation: Cleanup
Event: 35.001 Executing VM operation: Cleanup done
Event: 36.001 Executing VM operation: Cleanup
Event: 36.001 Executing VM operation: Cleanup done
Event: 37.984 Executing VM operation: HandshakeAllThreads (Deoptimize)
Event: 37.984 Executing VM operation: HandshakeAllThreads (Deoptimize) done
Event: 37.984 Executing VM operation: Cleanup
Event: 37.984 Executing VM operation: Cleanup done
Event: 38.985 Executing VM operation: Cleanup
Event: 38.985 Executing VM operation: Cleanup done
Event: 39.985 Executing VM operation: Cleanup
Event: 39.985 Executing VM operation: Cleanup done
Event: 60.043 Executing VM operation: HandshakeAllThreads (HandshakeForDeflation)
Event: 60.043 Executing VM operation: HandshakeAllThreads (HandshakeForDeflation) done
Event: 60.043 Executing VM operation: RendezvousGCThreads
Event: 60.043 Executing VM operation: RendezvousGCThreads done
Event: 62.044 Executing VM operation: Cleanup
Event: 62.044 Executing VM operation: Cleanup done
Event: 78.726 Executing VM operation: Exit

Events (20 events):
Event: 5.145 Thread 0x000001b26bc131c0 Thread added: 0x000001b26bc131c0
Event: 6.499 Thread 0x000001b26bc131c0 Thread exited: 0x000001b26bc131c0
Event: 29.641 Thread 0x000001b2665b0740 Thread added: 0x000001b2665b0740
Event: 29.649 Thread 0x000001b26b552470 Thread added: 0x000001b26b552470
Event: 30.212 Thread 0x000001b26b552470 Thread exited: 0x000001b26b552470
Event: 31.203 Thread 0x000001b2665b0740 Thread exited: 0x000001b2665b0740
Event: 33.982 Thread 0x000001b26b8284e0 Thread added: 0x000001b26b8284e0
Event: 34.211 Thread 0x000001b26b8284e0 Thread exited: 0x000001b26b8284e0
Event: 35.929 Thread 0x000001b26bc10990 Thread added: 0x000001b26bc10990
Event: 36.355 Thread 0x000001b26bc10990 Thread exited: 0x000001b26bc10990
Event: 37.989 Thread 0x000001b2726539b0 Thread added: 0x000001b2726539b0
Event: 37.995 Thread 0x000001b2722732b0 Thread added: 0x000001b2722732b0
Event: 39.803 Thread 0x000001b2722732b0 Thread exited: 0x000001b2722732b0
Event: 39.803 Thread 0x000001b2726539b0 Thread exited: 0x000001b2726539b0
Event: 78.718 Thread 0x000001b26b848d50 Thread added: 0x000001b26b848d50
Event: 78.720 Thread 0x000001b26b8493e0 Thread added: 0x000001b26b8493e0
Event: 78.720 Thread 0x000001b26b849a70 Thread added: 0x000001b26b849a70
Event: 78.721 Thread 0x000001b26b8493e0 Thread exited: 0x000001b26b8493e0
Event: 78.724 Thread 0x000001b26b849a70 Thread exited: 0x000001b26b849a70
Event: 78.726 Thread 0x000001b2662d5fd0 Thread exited: 0x000001b2662d5fd0


Dynamic libraries:
0x00007ff7bf890000 - 0x00007ff7bf8a0000 	C:\Program Files\Java\jdk-21\bin\java.exe
0x00007ff86d2c0000 - 0x00007ff86d523000 	C:\WINDOWS\SYSTEM32\ntdll.dll
0x00007ff86b0e0000 - 0x00007ff86b1a7000 	C:\WINDOWS\System32\KERNEL32.DLL
0x00007ff86a8d0000 - 0x00007ff86ac99000 	C:\WINDOWS\System32\KERNELBASE.dll
0x00007ff86a780000 - 0x00007ff86a8cc000 	C:\WINDOWS\System32\ucrtbase.dll
0x00007ff85cac0000 - 0x00007ff85cad9000 	C:\Program Files\Java\jdk-21\bin\jli.dll
0x00007ff84aa20000 - 0x00007ff84aa3b000 	C:\Program Files\Java\jdk-21\bin\VCRUNTIME140.dll
0x00007ff86d0e0000 - 0x00007ff86d192000 	C:\WINDOWS\System32\ADVAPI32.dll
0x00007ff86b530000 - 0x00007ff86b5d9000 	C:\WINDOWS\System32\msvcrt.dll
0x00007ff86b390000 - 0x00007ff86b436000 	C:\WINDOWS\System32\sechost.dll
0x00007ff86b5e0000 - 0x00007ff86b6f6000 	C:\WINDOWS\System32\RPCRT4.dll
0x00007ff86c830000 - 0x00007ff86c9fa000 	C:\WINDOWS\System32\USER32.dll
0x00007ff86b010000 - 0x00007ff86b037000 	C:\WINDOWS\System32\win32u.dll
0x00007ff851550000 - 0x00007ff8517e0000 	C:\WINDOWS\WinSxS\amd64_microsoft.windows.common-controls_6595b64144ccf1df_6.0.26100.3323_none_3e088096e3344490\COMCTL32.dll
0x00007ff86bc60000 - 0x00007ff86bc8a000 	C:\WINDOWS\System32\GDI32.dll
0x00007ff86a640000 - 0x00007ff86a771000 	C:\WINDOWS\System32\gdi32full.dll
0x00007ff86adf0000 - 0x00007ff86ae93000 	C:\WINDOWS\System32\msvcp_win.dll
0x00007ff863640000 - 0x00007ff86364b000 	C:\WINDOWS\SYSTEM32\VERSION.dll
0x00007ff86b350000 - 0x00007ff86b37f000 	C:\WINDOWS\System32\IMM32.DLL
0x00007ff867540000 - 0x00007ff86754c000 	C:\Program Files\Java\jdk-21\bin\vcruntime140_1.dll
0x00007ff832230000 - 0x00007ff8322be000 	C:\Program Files\Java\jdk-21\bin\msvcp140.dll
0x00007fffce9a0000 - 0x00007fffcf6b5000 	C:\Program Files\Java\jdk-21\bin\server\jvm.dll
0x00007ff86c740000 - 0x00007ff86c7b4000 	C:\WINDOWS\System32\WS2_32.dll
0x00007ff86a350000 - 0x00007ff86a39e000 	C:\WINDOWS\SYSTEM32\POWRPROF.dll
0x00007ff862a30000 - 0x00007ff862a66000 	C:\WINDOWS\SYSTEM32\WINMM.dll
0x00007ff86a330000 - 0x00007ff86a344000 	C:\WINDOWS\SYSTEM32\UMPDC.dll
0x00007ff8692e0000 - 0x00007ff8692fa000 	C:\WINDOWS\SYSTEM32\kernel.appcore.dll
0x00007ff865050000 - 0x00007ff86505a000 	C:\Program Files\Java\jdk-21\bin\jimage.dll
0x00007ff861ab0000 - 0x00007ff861cf1000 	C:\WINDOWS\SYSTEM32\DBGHELP.DLL
0x00007ff86b720000 - 0x00007ff86baa2000 	C:\WINDOWS\System32\combase.dll
0x00007ff86d1a0000 - 0x00007ff86d276000 	C:\WINDOWS\System32\OLEAUT32.dll
0x00007ff84c780000 - 0x00007ff84c7b9000 	C:\WINDOWS\SYSTEM32\dbgcore.DLL
0x00007ff86b040000 - 0x00007ff86b0d9000 	C:\WINDOWS\System32\bcryptPrimitives.dll
0x00007ff85d940000 - 0x00007ff85d94f000 	C:\Program Files\Java\jdk-21\bin\instrument.dll
0x00007ff849680000 - 0x00007ff84969f000 	C:\Program Files\Java\jdk-21\bin\java.dll
0x00007ff86c020000 - 0x00007ff86c735000 	C:\WINDOWS\System32\SHELL32.dll
0x00007ff86aea0000 - 0x00007ff86b008000 	C:\WINDOWS\System32\wintypes.dll
0x00007ff868190000 - 0x00007ff8689d5000 	C:\WINDOWS\SYSTEM32\windows.storage.dll
0x00007ff86b440000 - 0x00007ff86b52b000 	C:\WINDOWS\System32\SHCORE.dll
0x00007ff86c7c0000 - 0x00007ff86c81d000 	C:\WINDOWS\System32\shlwapi.dll
0x00007ff86a3d0000 - 0x00007ff86a3ff000 	C:\WINDOWS\SYSTEM32\profapi.dll
0x00007ff82f0d0000 - 0x00007ff82f1a7000 	C:\Program Files\Java\jdk-21\bin\jsvml.dll
0x00007ff8500e0000 - 0x00007ff8500f0000 	C:\Program Files\Java\jdk-21\bin\net.dll
0x00007ff862f70000 - 0x00007ff86308e000 	C:\WINDOWS\SYSTEM32\WINHTTP.dll
0x00007ff869800000 - 0x00007ff86986a000 	C:\WINDOWS\system32\mswsock.dll
0x00007ff843c90000 - 0x00007ff843ca6000 	C:\Program Files\Java\jdk-21\bin\nio.dll
0x00007ff841d50000 - 0x00007ff841d68000 	C:\Program Files\Java\jdk-21\bin\zip.dll
0x000001b2483d0000 - 0x000001b2483d3000 	C:\Users\bhuva\.openjfx\cache\21+31\amd64\api-ms-win-core-console-l1-1-0.dll
0x000001b2483e0000 - 0x000001b2483e3000 	C:\Users\bhuva\.openjfx\cache\21+31\amd64\api-ms-win-core-console-l1-2-0.dll
0x000001b2483f0000 - 0x000001b2483f3000 	C:\Users\bhuva\.openjfx\cache\21+31\amd64\api-ms-win-core-datetime-l1-1-0.dll
0x000001b248400000 - 0x000001b248403000 	C:\Users\bhuva\.openjfx\cache\21+31\amd64\api-ms-win-core-debug-l1-1-0.dll
0x000001b249cc0000 - 0x000001b249cc3000 	C:\Users\bhuva\.openjfx\cache\21+31\amd64\api-ms-win-core-errorhandling-l1-1-0.dll
0x000001b249cd0000 - 0x000001b249cd4000 	C:\Users\bhuva\.openjfx\cache\21+31\amd64\api-ms-win-core-file-l1-1-0.dll
0x000001b249ce0000 - 0x000001b249ce3000 	C:\Users\bhuva\.openjfx\cache\21+31\amd64\api-ms-win-core-file-l1-2-0.dll
0x000001b266840000 - 0x000001b266843000 	C:\Users\bhuva\.openjfx\cache\21+31\amd64\api-ms-win-core-file-l2-1-0.dll
0x000001b266850000 - 0x000001b266853000 	C:\Users\bhuva\.openjfx\cache\21+31\amd64\api-ms-win-core-handle-l1-1-0.dll
0x000001b266860000 - 0x000001b266863000 	C:\Users\bhuva\.openjfx\cache\21+31\amd64\api-ms-win-core-heap-l1-1-0.dll
0x000001b266870000 - 0x000001b266873000 	C:\Users\bhuva\.openjfx\cache\21+31\amd64\api-ms-win-core-interlocked-l1-1-0.dll
0x000001b266880000 - 0x000001b266883000 	C:\Users\bhuva\.openjfx\cache\21+31\amd64\api-ms-win-core-libraryloader-l1-1-0.dll
0x000001b266890000 - 0x000001b266893000 	C:\Users\bhuva\.openjfx\cache\21+31\amd64\api-ms-win-core-localization-l1-2-0.dll
0x000001b2668a0000 - 0x000001b2668a3000 	C:\Users\bhuva\.openjfx\cache\21+31\amd64\api-ms-win-core-memory-l1-1-0.dll
0x000001b2668b0000 - 0x000001b2668b3000 	C:\Users\bhuva\.openjfx\cache\21+31\amd64\api-ms-win-core-namedpipe-l1-1-0.dll
0x000001b2668c0000 - 0x000001b2668c3000 	C:\Users\bhuva\.openjfx\cache\21+31\amd64\api-ms-win-core-processenvironment-l1-1-0.dll
0x000001b2668d0000 - 0x000001b2668d3000 	C:\Users\bhuva\.openjfx\cache\21+31\amd64\api-ms-win-core-processthreads-l1-1-0.dll
0x000001b2668e0000 - 0x000001b2668e3000 	C:\Users\bhuva\.openjfx\cache\21+31\amd64\api-ms-win-core-processthreads-l1-1-1.dll
0x000001b2668f0000 - 0x000001b2668f3000 	C:\Users\bhuva\.openjfx\cache\21+31\amd64\api-ms-win-core-profile-l1-1-0.dll
0x000001b266900000 - 0x000001b266903000 	C:\Users\bhuva\.openjfx\cache\21+31\amd64\api-ms-win-core-rtlsupport-l1-1-0.dll
0x000001b266910000 - 0x000001b266913000 	C:\Users\bhuva\.openjfx\cache\21+31\amd64\api-ms-win-core-string-l1-1-0.dll
0x000001b266920000 - 0x000001b266923000 	C:\Users\bhuva\.openjfx\cache\21+31\amd64\api-ms-win-core-synch-l1-1-0.dll
0x000001b266930000 - 0x000001b266933000 	C:\Users\bhuva\.openjfx\cache\21+31\amd64\api-ms-win-core-synch-l1-2-0.dll
0x000001b266940000 - 0x000001b266943000 	C:\Users\bhuva\.openjfx\cache\21+31\amd64\api-ms-win-core-sysinfo-l1-1-0.dll
0x000001b266950000 - 0x000001b266953000 	C:\Users\bhuva\.openjfx\cache\21+31\amd64\api-ms-win-core-timezone-l1-1-0.dll
0x000001b266960000 - 0x000001b266963000 	C:\Users\bhuva\.openjfx\cache\21+31\amd64\api-ms-win-core-util-l1-1-0.dll
0x000001b266970000 - 0x000001b266973000 	C:\Users\bhuva\.openjfx\cache\21+31\amd64\api-ms-win-crt-conio-l1-1-0.dll
0x000001b266980000 - 0x000001b266984000 	C:\Users\bhuva\.openjfx\cache\21+31\amd64\api-ms-win-crt-convert-l1-1-0.dll
0x000001b266990000 - 0x000001b266993000 	C:\Users\bhuva\.openjfx\cache\21+31\amd64\api-ms-win-crt-environment-l1-1-0.dll
0x000001b2669a0000 - 0x000001b2669a3000 	C:\Users\bhuva\.openjfx\cache\21+31\amd64\api-ms-win-crt-filesystem-l1-1-0.dll
0x000001b2669b0000 - 0x000001b2669b3000 	C:\Users\bhuva\.openjfx\cache\21+31\amd64\api-ms-win-crt-heap-l1-1-0.dll
0x000001b2669c0000 - 0x000001b2669c3000 	C:\Users\bhuva\.openjfx\cache\21+31\amd64\api-ms-win-crt-locale-l1-1-0.dll
0x000001b2669d0000 - 0x000001b2669d5000 	C:\Users\bhuva\.openjfx\cache\21+31\amd64\api-ms-win-crt-math-l1-1-0.dll
0x000001b2669e0000 - 0x000001b2669e5000 	C:\Users\bhuva\.openjfx\cache\21+31\amd64\api-ms-win-crt-multibyte-l1-1-0.dll
0x000001b2669f0000 - 0x000001b266a00000 	C:\Users\bhuva\.openjfx\cache\21+31\amd64\api-ms-win-crt-private-l1-1-0.dll
0x000001b266a00000 - 0x000001b266a03000 	C:\Users\bhuva\.openjfx\cache\21+31\amd64\api-ms-win-crt-process-l1-1-0.dll
0x000001b266a10000 - 0x000001b266a14000 	C:\Users\bhuva\.openjfx\cache\21+31\amd64\api-ms-win-crt-runtime-l1-1-0.dll
0x000001b266a20000 - 0x000001b266a24000 	C:\Users\bhuva\.openjfx\cache\21+31\amd64\api-ms-win-crt-stdio-l1-1-0.dll
0x000001b266a30000 - 0x000001b266a34000 	C:\Users\bhuva\.openjfx\cache\21+31\amd64\api-ms-win-crt-string-l1-1-0.dll
0x000001b266a40000 - 0x000001b266a43000 	C:\Users\bhuva\.openjfx\cache\21+31\amd64\api-ms-win-crt-time-l1-1-0.dll
0x000001b266a50000 - 0x000001b266a53000 	C:\Users\bhuva\.openjfx\cache\21+31\amd64\api-ms-win-crt-utility-l1-1-0.dll
0x00007ff824910000 - 0x00007ff824a0c000 	C:\Users\bhuva\.openjfx\cache\21+31\amd64\ucrtbase.dll
0x00007ff83a300000 - 0x00007ff83a31b000 	C:\Users\bhuva\.openjfx\cache\21+31\amd64\vcruntime140.dll
0x00007ff849d80000 - 0x00007ff849d8c000 	C:\Users\bhuva\.openjfx\cache\21+31\amd64\vcruntime140_1.dll
0x00007ff82f040000 - 0x00007ff82f0ce000 	C:\Users\bhuva\.openjfx\cache\21+31\amd64\msvcp140.dll
0x00007ff86bc90000 - 0x00007ff86be25000 	C:\WINDOWS\System32\ole32.dll
0x00007ff849d30000 - 0x00007ff849d39000 	C:\Users\bhuva\.openjfx\cache\21+31\amd64\msvcp140_1.dll
0x00007ff839af0000 - 0x00007ff839b1f000 	C:\Users\bhuva\.openjfx\cache\21+31\amd64\msvcp140_2.dll
0x00007ff836a60000 - 0x00007ff836a8f000 	C:\Users\bhuva\.openjfx\cache\21+31\amd64\prism_d3d.dll
0x00007ff8273d0000 - 0x00007ff82757c000 	C:\WINDOWS\system32\d3d9.dll
0x00007ff867b00000 - 0x00007ff867b35000 	C:\WINDOWS\SYSTEM32\dwmapi.dll
0x00007ff867ab0000 - 0x00007ff867af7000 	C:\WINDOWS\SYSTEM32\dxcore.dll
0x00007ff8677a0000 - 0x00007ff86784e000 	C:\WINDOWS\system32\uxtheme.dll
0x00007ff862a70000 - 0x00007ff862c28000 	C:\WINDOWS\System32\DriverStore\FileRepository\u0375335.inf_amd64_7de275617d9da25a\B374868\aticfx64.dll
0x00007ff832420000 - 0x00007ff832454000 	C:\WINDOWS\System32\DriverStore\FileRepository\u0375335.inf_amd64_7de275617d9da25a\B374868\atiu9p64.dll
0x00007fffcdc40000 - 0x00007fffce994000 	C:\WINDOWS\System32\DriverStore\FileRepository\u0375335.inf_amd64_7de275617d9da25a\B374868\atiumd64.dll
0x0000000056cb0000 - 0x0000000057b23000 	C:\WINDOWS\System32\DriverStore\FileRepository\u0375335.inf_amd64_7de275617d9da25a\B374868\atiumd6a.dll
0x00007ff86cc40000 - 0x00007ff86d0c6000 	C:\WINDOWS\System32\SETUPAPI.dll
0x00007ff85f950000 - 0x00007ff85f980000 	C:\WINDOWS\SYSTEM32\amdihk64.dll
0x00007ff8678f0000 - 0x00007ff86794d000 	C:\WINDOWS\SYSTEM32\directxdatabasehelper.dll
0x00007ff82f1f0000 - 0x00007ff82f232000 	C:\Users\bhuva\.openjfx\cache\21+31\amd64\glass.dll
0x00007ff86b1c0000 - 0x00007ff86b2b1000 	C:\WINDOWS\System32\COMDLG32.dll
0x00007ff86bb00000 - 0x00007ff86bc5b000 	C:\WINDOWS\System32\MSCTF.dll
0x00007ff839ad0000 - 0x00007ff839ae4000 	C:\Users\bhuva\.openjfx\cache\21+31\amd64\javafx_font.dll
0x00007ff865f70000 - 0x00007ff8661d9000 	C:\WINDOWS\SYSTEM32\dwrite.dll
0x00007ff86bf70000 - 0x00007ff86c018000 	C:\WINDOWS\System32\clbcatq.dll
0x00007ff865d30000 - 0x00007ff865f5e000 	C:\WINDOWS\SYSTEM32\WindowsCodecs.dll
0x00007ff83b970000 - 0x00007ff83b9ca000 	C:\WINDOWS\system32\dataexchange.dll
0x00007ff862700000 - 0x00007ff86293b000 	C:\WINDOWS\system32\twinapi.appcore.dll
0x00007ff82ee40000 - 0x00007ff82ee6c000 	C:\Program Files\Common Files\Microsoft Shared\Ink\rtscom.dll
0x00007ff8524a0000 - 0x00007ff8525e6000 	C:\WINDOWS\SYSTEM32\textinputframework.dll
0x00007ff867110000 - 0x00007ff867236000 	C:\WINDOWS\SYSTEM32\CoreMessaging.dll
0x00007ff863670000 - 0x00007ff863953000 	C:\WINDOWS\SYSTEM32\CoreUIComponents.dll
0x00007ff869aa0000 - 0x00007ff869aac000 	C:\WINDOWS\SYSTEM32\CRYPTBASE.DLL
0x00007ff8661e0000 - 0x00007ff866819000 	C:\WINDOWS\SYSTEM32\d2d1.dll
0x00007ff866820000 - 0x00007ff866a86000 	C:\WINDOWS\SYSTEM32\d3d11.dll
0x00007ff867950000 - 0x00007ff867a7e000 	C:\WINDOWS\SYSTEM32\dxgi.dll
0x00007ff86a040000 - 0x00007ff86a09f000 	C:\WINDOWS\SYSTEM32\cfgmgr32.dll
0x00007ff836210000 - 0x00007ff8367b5000 	C:\WINDOWS\SYSTEM32\D3D10Warp.dll

dbghelp: loaded successfully - version: 4.0.5 - missing functions: none
symbol engine: initialized successfully - sym options: 0x614 - pdb path: .;C:\Program Files\Java\jdk-21\bin;C:\WINDOWS\SYSTEM32;C:\WINDOWS\WinSxS\amd64_microsoft.windows.common-controls_6595b64144ccf1df_6.0.26100.3323_none_3e088096e3344490;C:\Program Files\Java\jdk-21\bin\server;C:\Users\bhuva\.openjfx\cache\21+31\amd64;C:\WINDOWS\System32\DriverStore\FileRepository\u0375335.inf_amd64_7de275617d9da25a\B374868;C:\Program Files\Common Files\Microsoft Shared\Ink

VM Arguments:
jvm_args: -javaagent:C:\Users\bhuva\OneDrive\Desktop\Learnings\Intellij\IntelliJ IDEA Community Edition 2023.1.3\lib\idea_rt.jar=61240 -Dfile.encoding=UTF-8 -Dsun.stdout.encoding=UTF-8 -Dsun.stderr.encoding=UTF-8 --module-path=C:\Users\bhuva\.m2\repository\org\openjfx\javafx-fxml\21\javafx-fxml-21-win.jar;C:\Users\bhuva\.m2\repository\org\openjfx\javafx-base\21\javafx-base-21-win.jar;C:\Users\bhuva\.m2\repository\org\openjfx\javafx-controls\21\javafx-controls-21-win.jar;C:\Users\bhuva\.m2\repository\org\openjfx\javafx-media\17.0.2\javafx-media-17.0.2-win.jar;C:\Users\bhuva\OneDrive\Desktop\SENG 300\seng300-w25-project\target\classes;C:\Users\bhuva\.m2\repository\org\openjfx\javafx-graphics\21\javafx-graphics-21-win.jar -Djdk.module.main=org.example.gui 
java_command: org.example.gui/org.example.gui.HelloApplication
java_class_path (initial): C:\Program Files\Java\javafx-sdk-21.0.2;C:\Users\bhuva\.m2\repository\org\openjfx\javafx-controls\21\javafx-controls-21.jar;C:\Users\bhuva\.m2\repository\org\openjfx\javafx-graphics\21\javafx-graphics-21.jar;C:\Users\bhuva\.m2\repository\org\openjfx\javafx-base\21\javafx-base-21.jar;C:\Users\bhuva\.m2\repository\org\openjfx\javafx-fxml\21\javafx-fxml-21.jar;C:\Users\bhuva\.m2\repository\org\openjfx\javafx-media\17.0.2\javafx-media-17.0.2.jar
Launcher Type: SUN_STANDARD

[Global flags]
     intx CICompilerCount                          = 4                                         {product} {ergonomic}
     uint ConcGCThreads                            = 2                                         {product} {ergonomic}
     uint G1ConcRefinementThreads                  = 8                                         {product} {ergonomic}
   size_t G1HeapRegionSize                         = 1048576                                   {product} {ergonomic}
    uintx GCDrainStackTargetSize                   = 64                                        {product} {ergonomic}
   size_t InitialHeapSize                          = 100663296                                 {product} {ergonomic}
   size_t MarkStackSize                            = 4194304                                   {product} {ergonomic}
   size_t MaxHeapSize                              = 1589641216                                {product} {ergonomic}
   size_t MaxNewSize                               = 953155584                                 {product} {ergonomic}
   size_t MinHeapDeltaBytes                        = 1048576                                   {product} {ergonomic}
   size_t MinHeapSize                              = 8388608                                   {product} {ergonomic}
    uintx NonNMethodCodeHeapSize                   = 5839372                                {pd product} {ergonomic}
    uintx NonProfiledCodeHeapSize                  = 122909434                              {pd product} {ergonomic}
    uintx ProfiledCodeHeapSize                     = 122909434                              {pd product} {ergonomic}
    uintx ReservedCodeCacheSize                    = 251658240                              {pd product} {ergonomic}
     bool SegmentedCodeCache                       = true                                      {product} {ergonomic}
   size_t SoftMaxHeapSize                          = 1589641216                             {manageable} {ergonomic}
     bool UseCompressedOops                        = true                           {product lp64_product} {ergonomic}
     bool UseG1GC                                  = true                                      {product} {ergonomic}
     bool UseLargePagesIndividualAllocation        = false                                  {pd product} {ergonomic}

Logging:
Log output configuration:
 #0: stdout all=off uptime,level,tags foldmultilines=false
 #1: stderr all=off uptime,level,tags foldmultilines=false

Environment Variables:
PATH=C:\Program Files\Common Files\Oracle\Java\javapath;C:\Program Files (x86)\Common Files\Oracle\Java\java8path;C:\Program Files (x86)\Common Files\Oracle\Java\javapath;C:\ProgramData\Oracle\Java\javapath;C:\WINDOWS\system32;C:\WINDOWS;C:\WINDOWS\System32\Wbem;C:\WINDOWS\System32\WindowsPowerShell\v1.0\;C:\WINDOWS\System32\OpenSSH\;C:\Android;C:\Windows\System32;C:\ravi\bin;C:\Users\bhuva\OneDrive\Desktop\Learnings\nodeJs\;C:\Program Files\Docker\Docker\resources\bin;C:\Program Files\HP\HP One Agent;C:\Gradle\gradle-8.10.1\bin;C:\WINDOWS\system32;C:\WINDOWS;C:\WINDOWS\System32\Wbem;C:\WINDOWS\System32\WindowsPowerShell\v1.0\;C:\WINDOWS\System32\OpenSSH\;C:\Program Files\Git\cmd;C:\Program Files\dotnet\;C:\Program Files\MySQL\MySQL Shell 8.0\bin\;C:\mysql-8.0.33-winx64\bin;C:\Users\bhuva\AppData\Local\Programs\Python\Python311\Scripts\;C:\Users\bhuva\AppData\Local\Programs\Python\Python311\;C:\Users\bhuva\AppData\Local\Microsoft\WindowsApps;C:\Program Files\JetBrains\PyCharm Community Edition 2023.1.2\bin;;C:\Users\bhuva\PycharmProjects\pythonProject\venv\Scripts\;C:\Users\bhuva\PycharmProjects\1st_class\venv\Lib;C:\Users\bhuva\OneDrive\Desktop\Learnings\Intellij\IntelliJ IDEA Community Edition 2023.1.3\bin;;C:\Users\bhuva\AppData\Roaming\npm;C:\Users\bhuva\OneDrive\Desktop\Learnings\VS\bin;C:\Program Files\Java\javafx-sdk-21.0.2\bin;C:\Gradle\gradle-8.10.1\bin;C:\msys64\ucrt64\bin;C:\Users\bhuva\AppData\Local\GitHubDesktop\bin;C:\Program Files\CodeBlocks\MinGW\bin;C:\Program Files\cmake-4.0.0-rc1-windows-x86_64\bin;C:\Program Files (x86)\Microsoft Visual Studio\2022\BuildTools\MSBuild\Current\Bin;C:\Program Files\JetBrains\CLion 2024.3.3\bin;;C:\msys64\mingw64\bin;C:\msys64\usr\bin;
USERNAME=bhuva
OS=Windows_NT
PROCESSOR_IDENTIFIER=AMD64 Family 23 Model 24 Stepping 1, AuthenticAMD
TMP=C:\Users\bhuva\AppData\Local\Temp
TEMP=C:\Users\bhuva\AppData\Local\Temp




Periodic native trim disabled

---------------  S Y S T E M  ---------------

OS:
 Windows 11 , 64 bit Build 26100 (10.0.26100.3323)
OS uptime: 4 days 1:04 hours
Hyper-V role detected

CPU: total 8 (initial active 8) (8 cores per cpu, 2 threads per core) family 23 model 24 stepping 1 microcode 0x8108109, cx8, cmov, fxsr, ht, mmx, 3dnowpref, sse, sse2, sse3, ssse3, sse4a, sse4.1, sse4.2, popcnt, lzcnt, tsc, tscinvbit, avx, avx2, aes, clmul, bmi1, bmi2, adx, sha, fma, vzeroupper, clflush, clflushopt, hv, rdtscp, f16c
Processor Information for all 8 processors :
  Max Mhz: 2100, Current Mhz: 2100, Mhz Limit: 2100

Memory: 4k page, system-wide physical 6060M (690M free)
TotalPageFile size 17331M (AvailPageFile size 3241M)
current process WorkingSet (physical memory assigned to process): 159M, peak: 185M
current process commit charge ("private bytes"): 279M, peak: 304M

vm_info: Java HotSpot(TM) 64-Bit Server VM (21.0.1+12-LTS-29) for windows-amd64 JRE (21.0.1+12-LTS-29), built on 2023-10-05T13:27:09Z by "mach5one" with MS VC++ 17.1 (VS2022)

END.
